2025-09-26T23:53:24.336+0300 [DEBUG] [org.gradle.launcher.daemon.bootstrap.DaemonMain] Assuming the daemon was started with following jvm opts: [-Xmx1536m, -Dfile.encoding=UTF-8, -Duser.country=TR, -Duser.language=tr, -Duser.variant]
2025-09-26T23:53:24.474+0300 [DEBUG] [org.gradle.internal.nativeintegration.services.NativeServices] Native-platform posix files integration is not available. Continuing with fallback.
2025-09-26T23:53:24.500+0300 [INFO] [org.gradle.launcher.daemon.server.Daemon] start() called on daemon - DefaultDaemonContext[uid=1f74b0b3-f0cc-473e-885e-887b53392f74,javaHome=C:\Program Files\Android\Android Studio\jbr,javaVersion=21,javaVendor=JetBrains s.r.o.,daemonRegistryDir=C:\Users\RED\Desktop\LGS2\daemon,pid=4152,idleTimeout=10800000,priority=NORMAL,applyInstrumentationAgent=true,nativeServicesMode=ENABLED,daemonOpts=-Xmx1536m,-Dfile.encoding=UTF-8,-Duser.country=TR,-Duser.language=tr,-Duser.variant]
2025-09-26T23:53:24.554+0300 [DEBUG] [org.gradle.internal.remote.internal.inet.InetAddresses] Adding IP addresses for network interface Hyper-V Virtual Switch Extension Adapter-Hyper-V Virtual Switch Extension Filter-0000
2025-09-26T23:53:24.554+0300 [DEBUG] [org.gradle.internal.remote.internal.inet.InetAddresses] Is this a loopback interface? false
2025-09-26T23:53:24.555+0300 [DEBUG] [org.gradle.internal.remote.internal.inet.InetAddresses] Adding IP addresses for network interface Hyper-V Virtual Switch Extension Adapter-Virtual Filtering Platform VMSwitch Extension-0000
2025-09-26T23:53:24.555+0300 [DEBUG] [org.gradle.internal.remote.internal.inet.InetAddresses] Is this a loopback interface? false
2025-09-26T23:53:24.555+0300 [DEBUG] [org.gradle.internal.remote.internal.inet.InetAddresses] Adding IP addresses for network interface Hyper-V Virtual Ethernet Adapter-WFP Native MAC Layer LightWeight Filter-0000
2025-09-26T23:53:24.555+0300 [DEBUG] [org.gradle.internal.remote.internal.inet.InetAddresses] Is this a loopback interface? false
2025-09-26T23:53:24.556+0300 [DEBUG] [org.gradle.internal.remote.internal.inet.InetAddresses] Adding IP addresses for network interface Hyper-V Virtual Ethernet Adapter-VirtualBox NDIS Light-Weight Filter-0000
2025-09-26T23:53:24.556+0300 [DEBUG] [org.gradle.internal.remote.internal.inet.InetAddresses] Is this a loopback interface? false
2025-09-26T23:53:24.556+0300 [DEBUG] [org.gradle.internal.remote.internal.inet.InetAddresses] Adding IP addresses for network interface Hyper-V Virtual Ethernet Adapter-Killer Network Bandwidth Control-0000
2025-09-26T23:53:24.557+0300 [DEBUG] [org.gradle.internal.remote.internal.inet.InetAddresses] Is this a loopback interface? false
2025-09-26T23:53:24.557+0300 [DEBUG] [org.gradle.internal.remote.internal.inet.InetAddresses] Adding IP addresses for network interface VirtualBox Host-Only Ethernet Adapter-WFP Native MAC Layer LightWeight Filter-0000
2025-09-26T23:53:24.557+0300 [DEBUG] [org.gradle.internal.remote.internal.inet.InetAddresses] Is this a loopback interface? false
2025-09-26T23:53:24.557+0300 [DEBUG] [org.gradle.internal.remote.internal.inet.InetAddresses] Adding IP addresses for network interface VirtualBox Host-Only Ethernet Adapter-Killer Network Bandwidth Control-0000
2025-09-26T23:53:24.557+0300 [DEBUG] [org.gradle.internal.remote.internal.inet.InetAddresses] Is this a loopback interface? false
2025-09-26T23:53:24.558+0300 [DEBUG] [org.gradle.internal.remote.internal.inet.InetAddresses] Adding IP addresses for network interface VirtualBox Host-Only Ethernet Adapter-QoS Packet Scheduler-0000
2025-09-26T23:53:24.558+0300 [DEBUG] [org.gradle.internal.remote.internal.inet.InetAddresses] Is this a loopback interface? false
2025-09-26T23:53:24.558+0300 [DEBUG] [org.gradle.internal.remote.internal.inet.InetAddresses] Adding IP addresses for network interface VirtualBox Host-Only Ethernet Adapter-WFP 802.3 MAC Layer LightWeight Filter-0000
2025-09-26T23:53:24.558+0300 [DEBUG] [org.gradle.internal.remote.internal.inet.InetAddresses] Is this a loopback interface? false
2025-09-26T23:53:24.558+0300 [DEBUG] [org.gradle.internal.remote.internal.inet.InetAddresses] Adding IP addresses for network interface WAN Miniport (IP)-WFP Native MAC Layer LightWeight Filter-0000
2025-09-26T23:53:24.559+0300 [DEBUG] [org.gradle.internal.remote.internal.inet.InetAddresses] Is this a loopback interface? false
2025-09-26T23:53:24.559+0300 [DEBUG] [org.gradle.internal.remote.internal.inet.InetAddresses] Adding IP addresses for network interface WAN Miniport (IP)-QoS Packet Scheduler-0000
2025-09-26T23:53:24.559+0300 [DEBUG] [org.gradle.internal.remote.internal.inet.InetAddresses] Is this a loopback interface? false
2025-09-26T23:53:24.559+0300 [DEBUG] [org.gradle.internal.remote.internal.inet.InetAddresses] Adding IP addresses for network interface Killer E2400 Gigabit Ethernet Controller-WFP Native MAC Layer LightWeight Filter-0000
2025-09-26T23:53:24.560+0300 [DEBUG] [org.gradle.internal.remote.internal.inet.InetAddresses] Is this a loopback interface? false
2025-09-26T23:53:24.560+0300 [DEBUG] [org.gradle.internal.remote.internal.inet.InetAddresses] Adding IP addresses for network interface Killer E2400 Gigabit Ethernet Controller-VirtualBox NDIS Light-Weight Filter-0000
2025-09-26T23:53:24.560+0300 [DEBUG] [org.gradle.internal.remote.internal.inet.InetAddresses] Is this a loopback interface? false
2025-09-26T23:53:24.560+0300 [DEBUG] [org.gradle.internal.remote.internal.inet.InetAddresses] Adding IP addresses for network interface Killer E2400 Gigabit Ethernet Controller-Killer Network Bandwidth Control-0000
2025-09-26T23:53:24.561+0300 [DEBUG] [org.gradle.internal.remote.internal.inet.InetAddresses] Is this a loopback interface? false
2025-09-26T23:53:24.561+0300 [DEBUG] [org.gradle.internal.remote.internal.inet.InetAddresses] Adding IP addresses for network interface Killer E2400 Gigabit Ethernet Controller-QoS Packet Scheduler-0000
2025-09-26T23:53:24.561+0300 [DEBUG] [org.gradle.internal.remote.internal.inet.InetAddresses] Is this a loopback interface? false
2025-09-26T23:53:24.561+0300 [DEBUG] [org.gradle.internal.remote.internal.inet.InetAddresses] Adding IP addresses for network interface Killer E2400 Gigabit Ethernet Controller-WFP 802.3 MAC Layer LightWeight Filter-0000
2025-09-26T23:53:24.562+0300 [DEBUG] [org.gradle.internal.remote.internal.inet.InetAddresses] Is this a loopback interface? false
2025-09-26T23:53:24.562+0300 [DEBUG] [org.gradle.internal.remote.internal.inet.InetAddresses] Adding IP addresses for network interface WAN Miniport (IPv6)-WFP Native MAC Layer LightWeight Filter-0000
2025-09-26T23:53:24.562+0300 [DEBUG] [org.gradle.internal.remote.internal.inet.InetAddresses] Is this a loopback interface? false
2025-09-26T23:53:24.562+0300 [DEBUG] [org.gradle.internal.remote.internal.inet.InetAddresses] Adding IP addresses for network interface WAN Miniport (IPv6)-QoS Packet Scheduler-0000
2025-09-26T23:53:24.562+0300 [DEBUG] [org.gradle.internal.remote.internal.inet.InetAddresses] Is this a loopback interface? false
2025-09-26T23:53:24.562+0300 [DEBUG] [org.gradle.internal.remote.internal.inet.InetAddresses] Adding IP addresses for network interface WAN Miniport (Network Monitor)-WFP Native MAC Layer LightWeight Filter-0000
2025-09-26T23:53:24.565+0300 [DEBUG] [org.gradle.internal.remote.internal.inet.InetAddresses] Is this a loopback interface? false
2025-09-26T23:53:24.565+0300 [DEBUG] [org.gradle.internal.remote.internal.inet.InetAddresses] Adding IP addresses for network interface WAN Miniport (Network Monitor)-QoS Packet Scheduler-0000
2025-09-26T23:53:24.565+0300 [DEBUG] [org.gradle.internal.remote.internal.inet.InetAddresses] Is this a loopback interface? false
2025-09-26T23:53:24.566+0300 [DEBUG] [org.gradle.internal.remote.internal.inet.InetAddresses] Adding IP addresses for network interface Hyper-V Virtual Ethernet Adapter-QoS Packet Scheduler-0000
2025-09-26T23:53:24.566+0300 [DEBUG] [org.gradle.internal.remote.internal.inet.InetAddresses] Is this a loopback interface? false
2025-09-26T23:53:24.566+0300 [DEBUG] [org.gradle.internal.remote.internal.inet.InetAddresses] Adding IP addresses for network interface Hyper-V Virtual Ethernet Adapter-WFP 802.3 MAC Layer LightWeight Filter-0000
2025-09-26T23:53:24.566+0300 [DEBUG] [org.gradle.internal.remote.internal.inet.InetAddresses] Is this a loopback interface? false
2025-09-26T23:53:24.566+0300 [DEBUG] [org.gradle.internal.remote.internal.inet.InetAddresses] Adding IP addresses for network interface Microsoft Kernel Debug Network Adapter
2025-09-26T23:53:24.566+0300 [DEBUG] [org.gradle.internal.remote.internal.inet.InetAddresses] Is this a loopback interface? false
2025-09-26T23:53:24.567+0300 [DEBUG] [org.gradle.internal.remote.internal.inet.InetAddresses] Adding IP addresses for network interface WAN Miniport (IP)
2025-09-26T23:53:24.567+0300 [DEBUG] [org.gradle.internal.remote.internal.inet.InetAddresses] Is this a loopback interface? false
2025-09-26T23:53:24.567+0300 [DEBUG] [org.gradle.internal.remote.internal.inet.InetAddresses] Adding IP addresses for network interface WAN Miniport (IPv6)
2025-09-26T23:53:24.567+0300 [DEBUG] [org.gradle.internal.remote.internal.inet.InetAddresses] Is this a loopback interface? false
2025-09-26T23:53:24.567+0300 [DEBUG] [org.gradle.internal.remote.internal.inet.InetAddresses] Adding IP addresses for network interface WAN Miniport (Network Monitor)
2025-09-26T23:53:24.567+0300 [DEBUG] [org.gradle.internal.remote.internal.inet.InetAddresses] Is this a loopback interface? false
2025-09-26T23:53:24.568+0300 [DEBUG] [org.gradle.internal.remote.internal.inet.InetAddresses] Adding IP addresses for network interface VirtualBox Host-Only Ethernet Adapter
2025-09-26T23:53:24.568+0300 [DEBUG] [org.gradle.internal.remote.internal.inet.InetAddresses] Is this a loopback interface? false
2025-09-26T23:53:24.568+0300 [DEBUG] [org.gradle.internal.remote.internal.inet.InetAddresses] Adding remote address /fe80:0:0:0:9dce:c66a:d667:ca8d%ethernet_32772
2025-09-26T23:53:24.568+0300 [DEBUG] [org.gradle.internal.remote.internal.inet.InetAddresses] Adding remote address /192.168.56.1
2025-09-26T23:53:24.568+0300 [DEBUG] [org.gradle.internal.remote.internal.inet.InetAddresses] Adding IP addresses for network interface Killer E2400 Gigabit Ethernet Controller
2025-09-26T23:53:24.568+0300 [DEBUG] [org.gradle.internal.remote.internal.inet.InetAddresses] Is this a loopback interface? false
2025-09-26T23:53:24.569+0300 [DEBUG] [org.gradle.internal.remote.internal.inet.InetAddresses] Adding remote address /fe80:0:0:0:eefd:4e70:a20c:d812%ethernet_32773
2025-09-26T23:53:24.569+0300 [DEBUG] [org.gradle.internal.remote.internal.inet.InetAddresses] Adding remote address /192.168.1.20
2025-09-26T23:53:24.569+0300 [DEBUG] [org.gradle.internal.remote.internal.inet.InetAddresses] Adding IP addresses for network interface Killer E2400 Gigabit Ethernet Controller #2
2025-09-26T23:53:24.570+0300 [DEBUG] [org.gradle.internal.remote.internal.inet.InetAddresses] Is this a loopback interface? false
2025-09-26T23:53:24.570+0300 [DEBUG] [org.gradle.internal.remote.internal.inet.InetAddresses] Adding IP addresses for network interface Bluetooth Device (Personal Area Network) #2
2025-09-26T23:53:24.570+0300 [DEBUG] [org.gradle.internal.remote.internal.inet.InetAddresses] Is this a loopback interface? false
2025-09-26T23:53:24.570+0300 [DEBUG] [org.gradle.internal.remote.internal.inet.InetAddresses] Adding IP addresses for network interface Bluetooth Device (Personal Area Network) #3
2025-09-26T23:53:24.570+0300 [DEBUG] [org.gradle.internal.remote.internal.inet.InetAddresses] Is this a loopback interface? false
2025-09-26T23:53:24.570+0300 [DEBUG] [org.gradle.internal.remote.internal.inet.InetAddresses] Adding IP addresses for network interface Bluetooth Device (Personal Area Network) #4
2025-09-26T23:53:24.571+0300 [DEBUG] [org.gradle.internal.remote.internal.inet.InetAddresses] Is this a loopback interface? false
2025-09-26T23:53:24.571+0300 [DEBUG] [org.gradle.internal.remote.internal.inet.InetAddresses] Adding IP addresses for network interface Bluetooth Device (Personal Area Network)
2025-09-26T23:53:24.571+0300 [DEBUG] [org.gradle.internal.remote.internal.inet.InetAddresses] Is this a loopback interface? false
2025-09-26T23:53:24.571+0300 [DEBUG] [org.gradle.internal.remote.internal.inet.InetAddresses] Adding IP addresses for network interface Bluetooth Device (Personal Area Network) #5
2025-09-26T23:53:24.571+0300 [DEBUG] [org.gradle.internal.remote.internal.inet.InetAddresses] Is this a loopback interface? false
2025-09-26T23:53:24.571+0300 [DEBUG] [org.gradle.internal.remote.internal.inet.InetAddresses] Adding remote address /fe80:0:0:0:a040:5739:455c:6b42%ethernet_32779
2025-09-26T23:53:24.572+0300 [DEBUG] [org.gradle.internal.remote.internal.inet.InetAddresses] Adding IP addresses for network interface Hyper-V Virtual Switch Extension Adapter
2025-09-26T23:53:24.572+0300 [DEBUG] [org.gradle.internal.remote.internal.inet.InetAddresses] Is this a loopback interface? false
2025-09-26T23:53:24.572+0300 [DEBUG] [org.gradle.internal.remote.internal.inet.InetAddresses] Adding IP addresses for network interface Hyper-V Virtual Ethernet Adapter
2025-09-26T23:53:24.572+0300 [DEBUG] [org.gradle.internal.remote.internal.inet.InetAddresses] Is this a loopback interface? false
2025-09-26T23:53:24.572+0300 [DEBUG] [org.gradle.internal.remote.internal.inet.InetAddresses] Adding remote address /fe80:0:0:0:18a4:c955:99eb:fa74%ethernet_32781
2025-09-26T23:53:24.572+0300 [DEBUG] [org.gradle.internal.remote.internal.inet.InetAddresses] Adding remote address /172.21.0.1
2025-09-26T23:53:24.573+0300 [DEBUG] [org.gradle.internal.remote.internal.inet.InetAddresses] Adding IP addresses for network interface WAN Miniport (PPPOE)
2025-09-26T23:53:24.573+0300 [DEBUG] [org.gradle.internal.remote.internal.inet.InetAddresses] Is this a loopback interface? false
2025-09-26T23:53:24.573+0300 [DEBUG] [org.gradle.internal.remote.internal.inet.InetAddresses] Adding IP addresses for network interface RAS Async Adapter
2025-09-26T23:53:24.573+0300 [DEBUG] [org.gradle.internal.remote.internal.inet.InetAddresses] Is this a loopback interface? false
2025-09-26T23:53:24.573+0300 [DEBUG] [org.gradle.internal.remote.internal.inet.InetAddresses] Adding IP addresses for network interface Software Loopback Interface 1
2025-09-26T23:53:24.573+0300 [DEBUG] [org.gradle.internal.remote.internal.inet.InetAddresses] Is this a loopback interface? true
2025-09-26T23:53:24.573+0300 [DEBUG] [org.gradle.internal.remote.internal.inet.InetAddresses] Adding loopback address /0:0:0:0:0:0:0:1
2025-09-26T23:53:24.573+0300 [DEBUG] [org.gradle.internal.remote.internal.inet.InetAddresses] Adding loopback address /127.0.0.1
2025-09-26T23:53:24.574+0300 [DEBUG] [org.gradle.internal.remote.internal.inet.InetAddresses] Adding IP addresses for network interface 802.11n USB Wireless LAN Card
2025-09-26T23:53:24.574+0300 [DEBUG] [org.gradle.internal.remote.internal.inet.InetAddresses] Is this a loopback interface? false
2025-09-26T23:53:24.574+0300 [DEBUG] [org.gradle.internal.remote.internal.inet.InetAddresses] Adding IP addresses for network interface Microsoft Wi-Fi Direct Virtual Adapter
2025-09-26T23:53:24.574+0300 [DEBUG] [org.gradle.internal.remote.internal.inet.InetAddresses] Is this a loopback interface? false
2025-09-26T23:53:24.574+0300 [DEBUG] [org.gradle.internal.remote.internal.inet.InetAddresses] Adding IP addresses for network interface Microsoft Wi-Fi Direct Virtual Adapter #2
2025-09-26T23:53:24.574+0300 [DEBUG] [org.gradle.internal.remote.internal.inet.InetAddresses] Is this a loopback interface? false
2025-09-26T23:53:24.574+0300 [DEBUG] [org.gradle.internal.remote.internal.inet.InetAddresses] Adding IP addresses for network interface Microsoft Teredo Tunneling Adapter
2025-09-26T23:53:24.575+0300 [DEBUG] [org.gradle.internal.remote.internal.inet.InetAddresses] Is this a loopback interface? false
2025-09-26T23:53:24.575+0300 [DEBUG] [org.gradle.internal.remote.internal.inet.InetAddresses] Adding IP addresses for network interface Microsoft IP-HTTPS Platform Adapter
2025-09-26T23:53:24.575+0300 [DEBUG] [org.gradle.internal.remote.internal.inet.InetAddresses] Is this a loopback interface? false
2025-09-26T23:53:24.576+0300 [DEBUG] [org.gradle.internal.remote.internal.inet.InetAddresses] Adding IP addresses for network interface Microsoft 6to4 Adapter
2025-09-26T23:53:24.576+0300 [DEBUG] [org.gradle.internal.remote.internal.inet.InetAddresses] Is this a loopback interface? false
2025-09-26T23:53:24.577+0300 [DEBUG] [org.gradle.internal.remote.internal.inet.InetAddresses] Adding IP addresses for network interface WAN Miniport (SSTP)
2025-09-26T23:53:24.578+0300 [DEBUG] [org.gradle.internal.remote.internal.inet.InetAddresses] Is this a loopback interface? false
2025-09-26T23:53:24.578+0300 [DEBUG] [org.gradle.internal.remote.internal.inet.InetAddresses] Adding IP addresses for network interface WAN Miniport (IKEv2)
2025-09-26T23:53:24.579+0300 [DEBUG] [org.gradle.internal.remote.internal.inet.InetAddresses] Is this a loopback interface? false
2025-09-26T23:53:24.579+0300 [DEBUG] [org.gradle.internal.remote.internal.inet.InetAddresses] Adding IP addresses for network interface WAN Miniport (L2TP)
2025-09-26T23:53:24.579+0300 [DEBUG] [org.gradle.internal.remote.internal.inet.InetAddresses] Is this a loopback interface? false
2025-09-26T23:53:24.580+0300 [DEBUG] [org.gradle.internal.remote.internal.inet.InetAddresses] Adding IP addresses for network interface WAN Miniport (PPTP)
2025-09-26T23:53:24.581+0300 [DEBUG] [org.gradle.internal.remote.internal.inet.InetAddresses] Is this a loopback interface? false
2025-09-26T23:53:24.583+0300 [DEBUG] [org.gradle.internal.remote.internal.inet.TcpIncomingConnector] Listening on [60156d40-7505-4a17-bfbd-3781bb3968fe port:58564, addresses:[localhost/127.0.0.1]].
2025-09-26T23:53:24.608+0300 [DEBUG] [org.gradle.launcher.daemon.server.Daemon] Daemon starting at: Fri Sep 26 23:53:24 TRT 2025, with address: [60156d40-7505-4a17-bfbd-3781bb3968fe port:58564, addresses:[localhost/127.0.0.1]]
2025-09-26T23:53:24.608+0300 [INFO] [org.gradle.launcher.daemon.server.DaemonRegistryUpdater] Advertising the daemon address to the clients: [60156d40-7505-4a17-bfbd-3781bb3968fe port:58564, addresses:[localhost/127.0.0.1]]
2025-09-26T23:53:24.608+0300 [DEBUG] [org.gradle.launcher.daemon.server.DaemonRegistryUpdater] Advertised daemon context: DefaultDaemonContext[uid=1f74b0b3-f0cc-473e-885e-887b53392f74,javaHome=C:\Program Files\Android\Android Studio\jbr,javaVersion=21,javaVendor=JetBrains s.r.o.,daemonRegistryDir=C:\Users\RED\Desktop\LGS2\daemon,pid=4152,idleTimeout=10800000,priority=NORMAL,applyInstrumentationAgent=true,nativeServicesMode=ENABLED,daemonOpts=-Xmx1536m,-Dfile.encoding=UTF-8,-Duser.country=TR,-Duser.language=tr,-Duser.variant]
2025-09-26T23:53:24.609+0300 [DEBUG] [org.gradle.launcher.daemon.registry.PersistentDaemonRegistry] Storing daemon address: [60156d40-7505-4a17-bfbd-3781bb3968fe port:58564, addresses:[localhost/127.0.0.1]], context: DefaultDaemonContext[uid=1f74b0b3-f0cc-473e-885e-887b53392f74,javaHome=C:\Program Files\Android\Android Studio\jbr,javaVersion=21,javaVendor=JetBrains s.r.o.,daemonRegistryDir=C:\Users\RED\Desktop\LGS2\daemon,pid=4152,idleTimeout=10800000,priority=NORMAL,applyInstrumentationAgent=true,nativeServicesMode=ENABLED,daemonOpts=-Xmx1536m,-Dfile.encoding=UTF-8,-Duser.country=TR,-Duser.language=tr,-Duser.variant]
2025-09-26T23:53:24.622+0300 [DEBUG] [org.gradle.cache.internal.DefaultFileLockManager] Waiting to acquire exclusive lock on daemon addresses registry.
2025-09-26T23:53:24.627+0300 [DEBUG] [org.gradle.cache.internal.DefaultFileLockManager] Lock acquired on daemon addresses registry.
2025-09-26T23:53:24.634+0300 [DEBUG] [org.gradle.cache.internal.DefaultFileLockManager] Releasing lock on daemon addresses registry.
2025-09-26T23:53:24.635+0300 [LIFECYCLE] [org.gradle.launcher.daemon.server.Daemon] Daemon server started.
2025-09-26T23:53:24.637+0300 [DEBUG] [org.gradle.launcher.daemon.bootstrap.DaemonStartupCommunication] Completed writing the daemon greeting. Closing streams...
2025-09-26T23:53:24.642+0300 [DEBUG] [org.gradle.internal.remote.internal.inet.TcpIncomingConnector] Accepted connection from /127.0.0.1:58566 to /127.0.0.1:58564.
2025-09-26T23:53:24.678+0300 [DEBUG] [org.gradle.launcher.daemon.server.Daemon] stopOnExpiration() called on daemon
2025-09-26T23:53:24.681+0300 [DEBUG] [org.gradle.launcher.daemon.server.Daemon] awaitExpiration() called on daemon
2025-09-26T23:53:24.683+0300 [DEBUG] [org.gradle.launcher.daemon.server.DaemonStateCoordinator] daemon is running. Sleeping until state changes.
2025-09-26T23:53:24.735+0300 [DEBUG] [org.gradle.launcher.daemon.server.SynchronizedDispatchConnection] thread 30: received class org.gradle.launcher.daemon.protocol.Build
2025-09-26T23:53:24.735+0300 [DEBUG] [org.gradle.launcher.daemon.server.DefaultDaemonConnection] thread 30: Received non-IO message from client: Build{id=5191b8ca-a90d-4bca-b683-c9fb609afe85, currentDir=C:\Users\RED\Desktop\LGS2\android}
2025-09-26T23:53:24.735+0300 [INFO] [org.gradle.launcher.daemon.server.DefaultIncomingConnectionHandler] Received command: Build{id=5191b8ca-a90d-4bca-b683-c9fb609afe85, currentDir=C:\Users\RED\Desktop\LGS2\android}.
2025-09-26T23:53:24.736+0300 [DEBUG] [org.gradle.launcher.daemon.server.DefaultIncomingConnectionHandler] Starting executing command: Build{id=5191b8ca-a90d-4bca-b683-c9fb609afe85, currentDir=C:\Users\RED\Desktop\LGS2\android} with connection: socket connection from /127.0.0.1:58564 to /127.0.0.1:58566.
2025-09-26T23:53:24.739+0300 [DEBUG] [org.gradle.launcher.daemon.server.DaemonStateCoordinator] Command execution: started DaemonCommandExecution[command = Build{id=5191b8ca-a90d-4bca-b683-c9fb609afe85, currentDir=C:\Users\RED\Desktop\LGS2\android}, connection = DefaultDaemonConnection: socket connection from /127.0.0.1:58564 to /127.0.0.1:58566] after 0.0032166666666666667 minutes of idle
2025-09-26T23:53:24.739+0300 [INFO] [org.gradle.launcher.daemon.server.DaemonRegistryUpdater] Marking the daemon as busy, address: [60156d40-7505-4a17-bfbd-3781bb3968fe port:58564, addresses:[localhost/127.0.0.1]]
2025-09-26T23:53:24.740+0300 [DEBUG] [org.gradle.launcher.daemon.registry.PersistentDaemonRegistry] Marking busy by address: [60156d40-7505-4a17-bfbd-3781bb3968fe port:58564, addresses:[localhost/127.0.0.1]]
2025-09-26T23:53:24.741+0300 [DEBUG] [org.gradle.cache.internal.DefaultFileLockManager] Waiting to acquire exclusive lock on daemon addresses registry.
2025-09-26T23:53:24.741+0300 [DEBUG] [org.gradle.cache.internal.DefaultFileLockManager] Lock acquired on daemon addresses registry.
2025-09-26T23:53:24.745+0300 [DEBUG] [org.gradle.cache.internal.DefaultFileLockManager] Releasing lock on daemon addresses registry.
2025-09-26T23:53:24.754+0300 [DEBUG] [org.gradle.launcher.daemon.server.DaemonStateCoordinator] resetting idle timer
2025-09-26T23:53:24.755+0300 [DEBUG] [org.gradle.launcher.daemon.server.DaemonStateCoordinator] daemon is running. Sleeping until state changes.
2025-09-26T23:53:24.758+0300 [INFO] [org.gradle.launcher.daemon.server.exec.StartBuildOrRespondWithBusy] Daemon is about to start building Build{id=5191b8ca-a90d-4bca-b683-c9fb609afe85, currentDir=C:\Users\RED\Desktop\LGS2\android}. Dispatching build started information...
2025-09-26T23:53:24.759+0300 [DEBUG] [org.gradle.launcher.daemon.server.SynchronizedDispatchConnection] thread 32: dispatching org.gradle.launcher.daemon.protocol.BuildStarted@5ecf805c
2025-09-26T23:53:24.768+0300 [DEBUG] [org.gradle.launcher.daemon.server.exec.EstablishBuildEnvironment] Configuring env variables: [USERDOMAIN_ROAMINGPROFILE, WT_SESSION, npm_config_npm_version, PROCESSOR_LEVEL, npm_lifecycle_script, SESSIONNAME, ALLUSERSPROFILE, PROCESSOR_ARCHITECTURE, PSModulePath, SystemDrive, COLOR, npm_lifecycle_event, INIT_CWD, USERNAME, ProgramFiles(x86), npm_package_version, PATHEXT, npm_config_noproxy, DriverData, OneDriveConsumer, NODE, npm_config_prefix, npm_node_execpath, npm_config_init_module, ProgramData, ProgramW6432, __PSLockDownPolicy, HOMEPATH, PROCESSOR_IDENTIFIER, ProgramFiles, PUBLIC, windir, npm_config_cache, npm_package_json, npm_config_node_gyp, LOCALAPPDATA, USERDOMAIN, LOGONSERVER, npm_command, PROMPT, WT_PROFILE_ID, OneDrive, APPDATA, npm_config_userconfig, npm_execpath, VBOX_MSI_INSTALL_PATH, CommonProgramFiles, Path, npm_config_local_prefix, npm_config_globalconfig, OS, COMPUTERNAME, npm_config_user_agent, PROCESSOR_REVISION, CommonProgramW6432, ComSpec, npm_package_name, PSExecutionPolicyPreference, EDITOR, TEMP, SystemRoot, npm_config_global_prefix, HOMEDRIVE, USERPROFILE, TMP, WSLENV, CommonProgramFiles(x86), NUMBER_OF_PROCESSORS, HOME]
2025-09-26T23:53:24.784+0300 [DEBUG] [org.gradle.launcher.daemon.server.exec.LogToClient] About to start relaying all logs to the client via the connection.
2025-09-26T23:53:24.784+0300 [INFO] [org.gradle.launcher.daemon.server.exec.LogToClient] The client will now receive all logging from the daemon (pid: 4152). The daemon log file: C:\Users\RED\Desktop\LGS2\daemon\8.11.1\daemon-4152.out.log
2025-09-26T23:53:24.788+0300 [INFO] [org.gradle.launcher.daemon.server.exec.LogAndCheckHealth] Starting build in new daemon [memory: 1.5 GiB]
2025-09-26T23:53:24.791+0300 [DEBUG] [org.gradle.launcher.daemon.server.exec.ExecuteBuild] The daemon has started executing the build.
2025-09-26T23:53:24.792+0300 [DEBUG] [org.gradle.launcher.daemon.server.exec.ExecuteBuild] Executing build with daemon context: DefaultDaemonContext[uid=1f74b0b3-f0cc-473e-885e-887b53392f74,javaHome=C:\Program Files\Android\Android Studio\jbr,javaVersion=21,javaVendor=JetBrains s.r.o.,daemonRegistryDir=C:\Users\RED\Desktop\LGS2\daemon,pid=4152,idleTimeout=10800000,priority=NORMAL,applyInstrumentationAgent=true,nativeServicesMode=ENABLED,daemonOpts=-Xmx1536m,-Dfile.encoding=UTF-8,-Duser.country=TR,-Duser.language=tr,-Duser.variant]
AGPBI: {"kind":"warning","text":"Using flatDir should be avoided because it doesn't support any meta-data formats.","sources":[{}]}

FAILURE: Build failed with an exception.

* What went wrong:
A problem occurred configuring project ':capacitor-browser'.
> Could not move temporary workspace (C:\Users\RED\Desktop\LGS2\caches\8.11.1\groovy-dsl\ba016a56957bc813b9af8a5c1edf28a9-f4465636-d19e-479e-a432-6a2307d1d5ec) to immutable location (C:\Users\RED\Desktop\LGS2\caches\8.11.1\groovy-dsl\ba016a56957bc813b9af8a5c1edf28a9)

* Try:
> Run with --stacktrace option to get the stack trace.
> Run with --info or --debug option to get more log output.
> Run with --scan to get full insights.
> Get more help at https://help.gradle.org.

BUILD FAILED in 13s
2025-09-26T23:53:36.627+0300 [DEBUG] [org.gradle.launcher.daemon.server.exec.ExecuteBuild] The daemon has finished executing the build.
2025-09-26T23:53:36.645+0300 [DEBUG] [org.gradle.launcher.daemon.server.DaemonStateCoordinator] daemon is running. Sleeping until state changes.
2025-09-26T23:53:36.645+0300 [DEBUG] [org.gradle.launcher.daemon.server.DaemonStateCoordinator] Command execution: finished waiting for DaemonCommandExecution[command = Build{id=5191b8ca-a90d-4bca-b683-c9fb609afe85, currentDir=C:\Users\RED\Desktop\LGS2\android}, connection = DefaultDaemonConnection: socket connection from /127.0.0.1:58564 to /127.0.0.1:58566]. Result org.gradle.launcher.daemon.server.DaemonStateCoordinator@59965e1b with state Busy
2025-09-26T23:53:36.645+0300 [DEBUG] [org.gradle.launcher.daemon.server.DaemonStateCoordinator] Command execution: completed DaemonCommandExecution[command = Build{id=5191b8ca-a90d-4bca-b683-c9fb609afe85, currentDir=C:\Users\RED\Desktop\LGS2\android}, connection = DefaultDaemonConnection: socket connection from /127.0.0.1:58564 to /127.0.0.1:58566]
2025-09-26T23:53:36.645+0300 [DEBUG] [org.gradle.launcher.daemon.server.DaemonStateCoordinator] resetting idle timer
2025-09-26T23:53:36.645+0300 [INFO] [org.gradle.launcher.daemon.server.DaemonRegistryUpdater] Marking the daemon as idle, address: [60156d40-7505-4a17-bfbd-3781bb3968fe port:58564, addresses:[localhost/127.0.0.1]]
2025-09-26T23:53:36.646+0300 [DEBUG] [org.gradle.launcher.daemon.registry.PersistentDaemonRegistry] Marking busy by address: [60156d40-7505-4a17-bfbd-3781bb3968fe port:58564, addresses:[localhost/127.0.0.1]]
2025-09-26T23:53:36.646+0300 [DEBUG] [org.gradle.cache.internal.DefaultFileLockManager] Waiting to acquire exclusive lock on daemon addresses registry.
2025-09-26T23:53:36.647+0300 [DEBUG] [org.gradle.cache.internal.DefaultFileLockManager] Lock acquired on daemon addresses registry.
2025-09-26T23:53:36.648+0300 [DEBUG] [org.gradle.cache.internal.DefaultFileLockManager] Releasing lock on daemon addresses registry.
2025-09-26T23:53:36.648+0300 [DEBUG] [org.gradle.launcher.daemon.server.DaemonStateCoordinator] daemon is running. Sleeping until state changes.
2025-09-26T23:53:36.648+0300 [DEBUG] [org.gradle.launcher.daemon.server.exec.ReturnResult] Daemon is dispatching the build result: Success[value=org.gradle.launcher.exec.BuildActionResult@1f51d716]
2025-09-26T23:53:36.648+0300 [DEBUG] [org.gradle.launcher.daemon.server.SynchronizedDispatchConnection] thread 29: dispatching Success[value=org.gradle.launcher.exec.BuildActionResult@1f51d716]
2025-09-26T23:53:36.654+0300 [DEBUG] [org.gradle.launcher.daemon.server.DefaultIncomingConnectionHandler] Finishing executing command: Build{id=5191b8ca-a90d-4bca-b683-c9fb609afe85, currentDir=C:\Users\RED\Desktop\LGS2\android}
2025-09-26T23:53:36.668+0300 [DEBUG] [org.gradle.launcher.daemon.server.SynchronizedDispatchConnection] thread 30: received class org.gradle.launcher.daemon.protocol.CloseInput
2025-09-26T23:53:36.668+0300 [DEBUG] [org.gradle.launcher.daemon.server.DefaultDaemonConnection] thread 30: Received IO message from client: org.gradle.launcher.daemon.protocol.CloseInput@3e058d8e
2025-09-26T23:53:36.668+0300 [DEBUG] [org.gradle.launcher.daemon.server.SynchronizedDispatchConnection] thread 30: received class org.gradle.launcher.daemon.protocol.Finished
2025-09-26T23:53:36.668+0300 [DEBUG] [org.gradle.launcher.daemon.server.DefaultDaemonConnection] thread 30: Received non-IO message from client: org.gradle.launcher.daemon.protocol.Finished@531b18c9
2025-09-26T23:53:36.668+0300 [DEBUG] [org.gradle.internal.remote.internal.inet.SocketConnection] Discarding EOFException: java.io.EOFException
2025-09-26T23:53:36.668+0300 [DEBUG] [org.gradle.launcher.daemon.server.SynchronizedDispatchConnection] thread 30: received null
2025-09-26T23:53:36.669+0300 [DEBUG] [org.gradle.launcher.daemon.server.DefaultDaemonConnection] thread 30: Received end-of-input from client.
2025-09-26T23:53:36.685+0300 [WARN] [org.gradle.launcher.daemon.server.DefaultIncomingConnectionHandler] Timed out waiting for finished message from client socket connection from /127.0.0.1:58564 to /127.0.0.1:58566. Discarding connection.
2025-09-26T23:53:36.686+0300 [DEBUG] [org.gradle.launcher.daemon.server.SynchronizedDispatchConnection] thread 29: stopping connection
2025-09-26T23:53:36.687+0300 [DEBUG] [org.gradle.launcher.daemon.server.SynchronizedDispatchConnection] thread 29: stopping connection
2025-09-26T23:53:36.695+0300 [DEBUG] [org.gradle.launcher.daemon.server.exec.CleanUpVirtualFileSystemAfterBuild] Cleaning virtual file system after build finished
2025-09-26T23:53:36.864+0300 [DEBUG] [org.gradle.process.internal.health.memory.DefaultMemoryManager] 1713847910 physical memory requested, 301576192 free
2025-09-26T23:53:36.864+0300 [DEBUG] [org.gradle.workers.internal.WorkerDaemonExpiration] Will attempt to release 1634 of memory
2025-09-26T23:53:36.865+0300 [DEBUG] [org.gradle.process.internal.health.memory.DefaultMemoryManager] 1713847910 physical memory requested, 0 released, 301576192 free
2025-09-26T23:53:41.886+0300 [DEBUG] [org.gradle.process.internal.health.memory.DefaultMemoryManager] 1713847910 physical memory requested, 364838912 free
2025-09-26T23:53:41.887+0300 [DEBUG] [org.gradle.workers.internal.WorkerDaemonExpiration] Will attempt to release 1634 of memory
2025-09-26T23:53:41.887+0300 [DEBUG] [org.gradle.process.internal.health.memory.DefaultMemoryManager] 1713847910 physical memory requested, 0 released, 364838912 free
2025-09-26T23:53:44.689+0300 [DEBUG] [org.gradle.cache.internal.DefaultFileLockManager] Waiting to acquire shared lock on daemon addresses registry.
2025-09-26T23:53:44.690+0300 [DEBUG] [org.gradle.cache.internal.DefaultFileLockManager] Lock acquired on daemon addresses registry.
2025-09-26T23:53:44.690+0300 [DEBUG] [org.gradle.cache.internal.DefaultFileLockManager] Releasing lock on daemon addresses registry.
2025-09-26T23:53:44.691+0300 [DEBUG] [org.gradle.cache.internal.DefaultFileLockManager] Waiting to acquire shared lock on daemon addresses registry.
2025-09-26T23:53:44.691+0300 [DEBUG] [org.gradle.cache.internal.DefaultFileLockManager] Lock acquired on daemon addresses registry.
2025-09-26T23:53:44.692+0300 [DEBUG] [org.gradle.cache.internal.DefaultFileLockManager] Releasing lock on daemon addresses registry.
2025-09-26T23:53:46.878+0300 [DEBUG] [org.gradle.process.internal.health.memory.DefaultMemoryManager] 1713847910 physical memory requested, 558706688 free
2025-09-26T23:53:46.878+0300 [DEBUG] [org.gradle.workers.internal.WorkerDaemonExpiration] Will attempt to release 1634 of memory
2025-09-26T23:53:46.878+0300 [DEBUG] [org.gradle.process.internal.health.memory.DefaultMemoryManager] 1713847910 physical memory requested, 0 released, 558706688 free
2025-09-26T23:53:51.874+0300 [DEBUG] [org.gradle.process.internal.health.memory.DefaultMemoryManager] 1713847910 physical memory requested, 586555392 free
2025-09-26T23:53:51.875+0300 [DEBUG] [org.gradle.workers.internal.WorkerDaemonExpiration] Will attempt to release 1634 of memory
2025-09-26T23:53:51.875+0300 [DEBUG] [org.gradle.process.internal.health.memory.DefaultMemoryManager] 1713847910 physical memory requested, 0 released, 586555392 free
2025-09-26T23:53:54.689+0300 [DEBUG] [org.gradle.cache.internal.DefaultFileLockManager] Waiting to acquire shared lock on daemon addresses registry.
2025-09-26T23:53:54.690+0300 [DEBUG] [org.gradle.cache.internal.DefaultFileLockManager] Lock acquired on daemon addresses registry.
2025-09-26T23:53:54.690+0300 [DEBUG] [org.gradle.cache.internal.DefaultFileLockManager] Releasing lock on daemon addresses registry.
2025-09-26T23:53:54.691+0300 [DEBUG] [org.gradle.cache.internal.DefaultFileLockManager] Waiting to acquire shared lock on daemon addresses registry.
2025-09-26T23:53:54.691+0300 [DEBUG] [org.gradle.cache.internal.DefaultFileLockManager] Lock acquired on daemon addresses registry.
2025-09-26T23:53:54.692+0300 [DEBUG] [org.gradle.cache.internal.DefaultFileLockManager] Releasing lock on daemon addresses registry.
2025-09-26T23:53:54.692+0300 [DEBUG] [org.gradle.cache.internal.DefaultFileLockManager] Waiting to acquire shared lock on daemon addresses registry.
2025-09-26T23:53:54.693+0300 [DEBUG] [org.gradle.cache.internal.DefaultFileLockManager] Lock acquired on daemon addresses registry.
2025-09-26T23:53:54.693+0300 [DEBUG] [org.gradle.cache.internal.DefaultFileLockManager] Releasing lock on daemon addresses registry.
2025-09-26T23:53:56.874+0300 [DEBUG] [org.gradle.process.internal.health.memory.DefaultMemoryManager] 1713847910 physical memory requested, 574013440 free
2025-09-26T23:53:56.874+0300 [DEBUG] [org.gradle.workers.internal.WorkerDaemonExpiration] Will attempt to release 1634 of memory
2025-09-26T23:53:56.874+0300 [DEBUG] [org.gradle.process.internal.health.memory.DefaultMemoryManager] 1713847910 physical memory requested, 0 released, 574013440 free
2025-09-26T23:54:01.883+0300 [DEBUG] [org.gradle.process.internal.health.memory.DefaultMemoryManager] 1713847910 physical memory requested, 495759360 free
2025-09-26T23:54:01.883+0300 [DEBUG] [org.gradle.workers.internal.WorkerDaemonExpiration] Will attempt to release 1634 of memory
2025-09-26T23:54:01.883+0300 [DEBUG] [org.gradle.process.internal.health.memory.DefaultMemoryManager] 1713847910 physical memory requested, 0 released, 495759360 free
2025-09-26T23:54:04.697+0300 [DEBUG] [org.gradle.cache.internal.DefaultFileLockManager] Waiting to acquire shared lock on daemon addresses registry.
2025-09-26T23:54:04.697+0300 [DEBUG] [org.gradle.cache.internal.DefaultFileLockManager] Lock acquired on daemon addresses registry.
2025-09-26T23:54:04.697+0300 [DEBUG] [org.gradle.cache.internal.DefaultFileLockManager] Releasing lock on daemon addresses registry.
2025-09-26T23:54:04.698+0300 [DEBUG] [org.gradle.cache.internal.DefaultFileLockManager] Waiting to acquire shared lock on daemon addresses registry.
2025-09-26T23:54:04.699+0300 [DEBUG] [org.gradle.cache.internal.DefaultFileLockManager] Lock acquired on daemon addresses registry.
2025-09-26T23:54:04.699+0300 [DEBUG] [org.gradle.cache.internal.DefaultFileLockManager] Releasing lock on daemon addresses registry.
2025-09-26T23:54:04.700+0300 [DEBUG] [org.gradle.cache.internal.DefaultFileLockManager] Waiting to acquire shared lock on daemon addresses registry.
2025-09-26T23:54:04.700+0300 [DEBUG] [org.gradle.cache.internal.DefaultFileLockManager] Lock acquired on daemon addresses registry.
2025-09-26T23:54:04.700+0300 [DEBUG] [org.gradle.cache.internal.DefaultFileLockManager] Releasing lock on daemon addresses registry.
2025-09-26T23:54:06.871+0300 [DEBUG] [org.gradle.process.internal.health.memory.DefaultMemoryManager] 1713847910 physical memory requested, 483233792 free
2025-09-26T23:54:06.871+0300 [DEBUG] [org.gradle.workers.internal.WorkerDaemonExpiration] Will attempt to release 1634 of memory
2025-09-26T23:54:06.871+0300 [DEBUG] [org.gradle.process.internal.health.memory.DefaultMemoryManager] 1713847910 physical memory requested, 0 released, 483233792 free
2025-09-26T23:54:11.876+0300 [DEBUG] [org.gradle.process.internal.health.memory.DefaultMemoryManager] 1713847910 physical memory requested, 477847552 free
2025-09-26T23:54:11.876+0300 [DEBUG] [org.gradle.workers.internal.WorkerDaemonExpiration] Will attempt to release 1634 of memory
2025-09-26T23:54:11.876+0300 [DEBUG] [org.gradle.process.internal.health.memory.DefaultMemoryManager] 1713847910 physical memory requested, 0 released, 477847552 free
2025-09-26T23:54:14.692+0300 [DEBUG] [org.gradle.cache.internal.DefaultFileLockManager] Waiting to acquire shared lock on daemon addresses registry.
2025-09-26T23:54:14.692+0300 [DEBUG] [org.gradle.cache.internal.DefaultFileLockManager] Lock acquired on daemon addresses registry.
2025-09-26T23:54:14.692+0300 [DEBUG] [org.gradle.cache.internal.DefaultFileLockManager] Releasing lock on daemon addresses registry.
2025-09-26T23:54:14.693+0300 [DEBUG] [org.gradle.cache.internal.DefaultFileLockManager] Waiting to acquire shared lock on daemon addresses registry.
2025-09-26T23:54:14.694+0300 [DEBUG] [org.gradle.cache.internal.DefaultFileLockManager] Lock acquired on daemon addresses registry.
2025-09-26T23:54:14.694+0300 [DEBUG] [org.gradle.cache.internal.DefaultFileLockManager] Releasing lock on daemon addresses registry.
2025-09-26T23:54:14.694+0300 [DEBUG] [org.gradle.cache.internal.DefaultFileLockManager] Waiting to acquire shared lock on daemon addresses registry.
2025-09-26T23:54:14.695+0300 [DEBUG] [org.gradle.cache.internal.DefaultFileLockManager] Lock acquired on daemon addresses registry.
2025-09-26T23:54:14.695+0300 [DEBUG] [org.gradle.cache.internal.DefaultFileLockManager] Releasing lock on daemon addresses registry.
2025-09-26T23:54:16.873+0300 [DEBUG] [org.gradle.process.internal.health.memory.DefaultMemoryManager] 1713847910 physical memory requested, 576237568 free
2025-09-26T23:54:16.873+0300 [DEBUG] [org.gradle.workers.internal.WorkerDaemonExpiration] Will attempt to release 1634 of memory
2025-09-26T23:54:16.873+0300 [DEBUG] [org.gradle.process.internal.health.memory.DefaultMemoryManager] 1713847910 physical memory requested, 0 released, 576237568 free
2025-09-26T23:54:21.874+0300 [DEBUG] [org.gradle.process.internal.health.memory.DefaultMemoryManager] 1713847910 physical memory requested, 572346368 free
2025-09-26T23:54:21.874+0300 [DEBUG] [org.gradle.workers.internal.WorkerDaemonExpiration] Will attempt to release 1634 of memory
2025-09-26T23:54:21.875+0300 [DEBUG] [org.gradle.process.internal.health.memory.DefaultMemoryManager] 1713847910 physical memory requested, 0 released, 572346368 free
2025-09-26T23:54:24.689+0300 [DEBUG] [org.gradle.cache.internal.DefaultFileLockManager] Waiting to acquire shared lock on daemon addresses registry.
2025-09-26T23:54:24.689+0300 [DEBUG] [org.gradle.cache.internal.DefaultFileLockManager] Lock acquired on daemon addresses registry.
2025-09-26T23:54:24.690+0300 [DEBUG] [org.gradle.cache.internal.DefaultFileLockManager] Releasing lock on daemon addresses registry.
2025-09-26T23:54:24.691+0300 [DEBUG] [org.gradle.cache.internal.DefaultFileLockManager] Waiting to acquire shared lock on daemon addresses registry.
2025-09-26T23:54:24.691+0300 [DEBUG] [org.gradle.cache.internal.DefaultFileLockManager] Lock acquired on daemon addresses registry.
2025-09-26T23:54:24.691+0300 [DEBUG] [org.gradle.cache.internal.DefaultFileLockManager] Releasing lock on daemon addresses registry.
2025-09-26T23:54:24.692+0300 [DEBUG] [org.gradle.cache.internal.DefaultFileLockManager] Waiting to acquire shared lock on daemon addresses registry.
2025-09-26T23:54:24.692+0300 [DEBUG] [org.gradle.cache.internal.DefaultFileLockManager] Lock acquired on daemon addresses registry.
2025-09-26T23:54:24.692+0300 [DEBUG] [org.gradle.cache.internal.DefaultFileLockManager] Releasing lock on daemon addresses registry.
2025-09-26T23:54:26.874+0300 [DEBUG] [org.gradle.process.internal.health.memory.DefaultMemoryManager] 1713847910 physical memory requested, 565432320 free
2025-09-26T23:54:26.874+0300 [DEBUG] [org.gradle.workers.internal.WorkerDaemonExpiration] Will attempt to release 1634 of memory
2025-09-26T23:54:26.874+0300 [DEBUG] [org.gradle.process.internal.health.memory.DefaultMemoryManager] 1713847910 physical memory requested, 0 released, 565432320 free
2025-09-26T23:54:31.875+0300 [DEBUG] [org.gradle.process.internal.health.memory.DefaultMemoryManager] 1713847910 physical memory requested, 570724352 free
2025-09-26T23:54:31.875+0300 [DEBUG] [org.gradle.workers.internal.WorkerDaemonExpiration] Will attempt to release 1634 of memory
2025-09-26T23:54:31.875+0300 [DEBUG] [org.gradle.process.internal.health.memory.DefaultMemoryManager] 1713847910 physical memory requested, 0 released, 570724352 free
2025-09-26T23:54:34.684+0300 [DEBUG] [org.gradle.cache.internal.DefaultFileLockManager] Waiting to acquire shared lock on daemon addresses registry.
2025-09-26T23:54:34.685+0300 [DEBUG] [org.gradle.cache.internal.DefaultFileLockManager] Lock acquired on daemon addresses registry.
2025-09-26T23:54:34.685+0300 [DEBUG] [org.gradle.cache.internal.DefaultFileLockManager] Releasing lock on daemon addresses registry.
2025-09-26T23:54:34.686+0300 [DEBUG] [org.gradle.cache.internal.DefaultFileLockManager] Waiting to acquire shared lock on daemon addresses registry.
2025-09-26T23:54:34.686+0300 [DEBUG] [org.gradle.cache.internal.DefaultFileLockManager] Lock acquired on daemon addresses registry.
2025-09-26T23:54:34.687+0300 [DEBUG] [org.gradle.cache.internal.DefaultFileLockManager] Releasing lock on daemon addresses registry.
2025-09-26T23:54:34.687+0300 [DEBUG] [org.gradle.cache.internal.DefaultFileLockManager] Waiting to acquire shared lock on daemon addresses registry.
2025-09-26T23:54:34.688+0300 [DEBUG] [org.gradle.cache.internal.DefaultFileLockManager] Lock acquired on daemon addresses registry.
2025-09-26T23:54:34.688+0300 [DEBUG] [org.gradle.cache.internal.DefaultFileLockManager] Releasing lock on daemon addresses registry.
2025-09-26T23:54:36.873+0300 [DEBUG] [org.gradle.process.internal.health.memory.DefaultMemoryManager] 1713847910 physical memory requested, 502980608 free
2025-09-26T23:54:36.873+0300 [DEBUG] [org.gradle.workers.internal.WorkerDaemonExpiration] Will attempt to release 1634 of memory
2025-09-26T23:54:36.873+0300 [DEBUG] [org.gradle.process.internal.health.memory.DefaultMemoryManager] 1713847910 physical memory requested, 0 released, 502980608 free
2025-09-26T23:54:39.353+0300 [DEBUG] [org.gradle.internal.remote.internal.inet.TcpIncomingConnector] Accepted connection from /127.0.0.1:58626 to /127.0.0.1:58564.
2025-09-26T23:54:39.393+0300 [DEBUG] [org.gradle.launcher.daemon.server.SynchronizedDispatchConnection] thread 82: received class org.gradle.launcher.daemon.protocol.StopWhenIdle
2025-09-26T23:54:39.393+0300 [DEBUG] [org.gradle.launcher.daemon.server.DefaultDaemonConnection] thread 82: Received non-IO message from client: StopWhenIdle[id=c3c51f00-50a8-4fee-bb27-3b9f3640c06b]
2025-09-26T23:54:39.393+0300 [INFO] [org.gradle.launcher.daemon.server.DefaultIncomingConnectionHandler] Received command: StopWhenIdle[id=c3c51f00-50a8-4fee-bb27-3b9f3640c06b].
2025-09-26T23:54:39.393+0300 [DEBUG] [org.gradle.launcher.daemon.server.DefaultIncomingConnectionHandler] Starting executing command: StopWhenIdle[id=c3c51f00-50a8-4fee-bb27-3b9f3640c06b] with connection: socket connection from /127.0.0.1:58564 to /127.0.0.1:58626.
2025-09-26T23:54:39.393+0300 [DEBUG] [org.gradle.launcher.daemon.server.DaemonRegistryUpdater] Storing daemon stop event: stop command received
2025-09-26T23:54:39.394+0300 [DEBUG] [org.gradle.launcher.daemon.registry.PersistentDaemonRegistry] Storing daemon stop event with timestamp 1758920079392
2025-09-26T23:54:39.394+0300 [DEBUG] [org.gradle.cache.internal.DefaultFileLockManager] Waiting to acquire exclusive lock on daemon addresses registry.
2025-09-26T23:54:39.395+0300 [DEBUG] [org.gradle.cache.internal.DefaultFileLockManager] Lock acquired on daemon addresses registry.
2025-09-26T23:54:39.403+0300 [DEBUG] [org.gradle.cache.internal.DefaultFileLockManager] Releasing lock on daemon addresses registry.
2025-09-26T23:54:39.407+0300 [LIFECYCLE] [org.gradle.launcher.daemon.server.DaemonStateCoordinator] Daemon will be stopped at the end of the build stop command received
2025-09-26T23:54:39.407+0300 [DEBUG] [org.gradle.launcher.daemon.server.DaemonStateCoordinator] Marking daemon stopped due to stop command received. The daemon is not running a build
2025-09-26T23:54:39.407+0300 [DEBUG] [org.gradle.launcher.daemon.server.DaemonStateCoordinator] daemon has stopped.
2025-09-26T23:54:39.408+0300 [DEBUG] [org.gradle.launcher.daemon.server.Daemon] stop() called on daemon
2025-09-26T23:54:39.408+0300 [INFO] [org.gradle.launcher.daemon.server.Daemon] Stop requested. Daemon is removing its presence from the registry...
2025-09-26T23:54:39.408+0300 [DEBUG] [org.gradle.launcher.daemon.server.DaemonRegistryUpdater] Removing our presence to clients, eg. removing this address from the registry: [60156d40-7505-4a17-bfbd-3781bb3968fe port:58564, addresses:[localhost/127.0.0.1]]
2025-09-26T23:54:39.409+0300 [DEBUG] [org.gradle.launcher.daemon.registry.PersistentDaemonRegistry] Removing daemon address: [60156d40-7505-4a17-bfbd-3781bb3968fe port:58564, addresses:[localhost/127.0.0.1]]
2025-09-26T23:54:39.411+0300 [DEBUG] [org.gradle.cache.internal.DefaultFileLockManager] Waiting to acquire exclusive lock on daemon addresses registry.
2025-09-26T23:54:39.412+0300 [DEBUG] [org.gradle.cache.internal.DefaultFileLockManager] Lock acquired on daemon addresses registry.
2025-09-26T23:54:39.413+0300 [DEBUG] [org.gradle.launcher.daemon.server.SynchronizedDispatchConnection] thread 81: dispatching Success[value=null]
2025-09-26T23:54:39.414+0300 [DEBUG] [org.gradle.launcher.daemon.server.SynchronizedDispatchConnection] thread 82: received class org.gradle.launcher.daemon.protocol.Finished
2025-09-26T23:54:39.415+0300 [DEBUG] [org.gradle.launcher.daemon.server.DefaultDaemonConnection] thread 82: Received non-IO message from client: org.gradle.launcher.daemon.protocol.Finished@4dbda2ff
2025-09-26T23:54:39.415+0300 [DEBUG] [org.gradle.internal.remote.internal.inet.SocketConnection] Discarding EOFException: java.io.EOFException
2025-09-26T23:54:39.415+0300 [DEBUG] [org.gradle.launcher.daemon.server.SynchronizedDispatchConnection] thread 82: received null
2025-09-26T23:54:39.415+0300 [DEBUG] [org.gradle.launcher.daemon.server.DefaultDaemonConnection] thread 82: Received end-of-input from client.
2025-09-26T23:54:39.416+0300 [DEBUG] [org.gradle.launcher.daemon.server.DefaultIncomingConnectionHandler] Finishing executing command: StopWhenIdle[id=c3c51f00-50a8-4fee-bb27-3b9f3640c06b]
2025-09-26T23:54:39.417+0300 [WARN] [org.gradle.launcher.daemon.server.DefaultIncomingConnectionHandler] Timed out waiting for finished message from client socket connection from /127.0.0.1:58564 to /127.0.0.1:58626. Discarding connection.
2025-09-26T23:54:39.417+0300 [DEBUG] [org.gradle.launcher.daemon.server.SynchronizedDispatchConnection] thread 81: stopping connection
2025-09-26T23:54:39.417+0300 [DEBUG] [org.gradle.launcher.daemon.server.SynchronizedDispatchConnection] thread 81: stopping connection
2025-09-26T23:54:39.452+0300 [DEBUG] [org.gradle.cache.internal.DefaultFileLockManager] Releasing lock on daemon addresses registry.
2025-09-26T23:54:39.452+0300 [DEBUG] [org.gradle.launcher.daemon.server.DaemonRegistryUpdater] Address removed from registry.
2025-09-26T23:54:39.462+0300 [DEBUG] [org.gradle.cache.internal.LockOnDemandCrossProcessCacheAccess] Releasing file lock for jars (C:\Users\RED\Desktop\LGS2\caches\jars-9)
2025-09-26T23:54:39.463+0300 [DEBUG] [org.gradle.cache.internal.DefaultFileLockManager] Releasing lock on jars (C:\Users\RED\Desktop\LGS2\caches\jars-9).
2025-09-26T23:54:39.477+0300 [DEBUG] [org.gradle.cache.internal.DefaultCacheCleanupExecutor] jars (C:\Users\RED\Desktop\LGS2\caches\jars-9) has last been fully cleaned up 23 hours ago
2025-09-26T23:54:39.477+0300 [DEBUG] [org.gradle.cache.internal.DefaultCacheCleanupExecutor] Skipping cleanup for jars (C:\Users\RED\Desktop\LGS2\caches\jars-9) as it is not yet due
2025-09-26T23:54:39.478+0300 [DEBUG] [org.gradle.cache.internal.LockOnDemandCrossProcessCacheAccess] Releasing file lock for file content cache (C:\Users\RED\Desktop\LGS2\caches\8.11.1\fileContent)
2025-09-26T23:54:39.482+0300 [DEBUG] [org.gradle.cache.internal.DefaultFileLockManager] Releasing lock on file content cache (C:\Users\RED\Desktop\LGS2\caches\8.11.1\fileContent).
2025-09-26T23:54:39.492+0300 [DEBUG] [org.gradle.internal.watch.vfs.impl.WatchingVirtualFileSystem] Closing VFS, dropping state
2025-09-26T23:54:39.524+0300 [DEBUG] [org.gradle.cache.internal.DefaultCacheCoordinator] Cache Generated Gradle JARs cache (C:\Users\RED\Desktop\LGS2\caches\8.11.1\generated-gradle-jars) was closed 0 times.
2025-09-26T23:54:39.524+0300 [DEBUG] [org.gradle.cache.internal.LockOnDemandCrossProcessCacheAccess] Releasing file lock for artifact cache (C:\Users\RED\Desktop\LGS2\caches\modules-2)
2025-09-26T23:54:39.524+0300 [DEBUG] [org.gradle.cache.internal.btree.BTreePersistentIndexedCache] Closing cache module-artifact.bin (C:\Users\RED\Desktop\LGS2\caches\modules-2\metadata-2.107\module-artifact.bin)
2025-09-26T23:54:39.525+0300 [DEBUG] [org.gradle.cache.internal.btree.BTreePersistentIndexedCache] Closing cache module-metadata.bin (C:\Users\RED\Desktop\LGS2\caches\modules-2\metadata-2.107\module-metadata.bin)
2025-09-26T23:54:39.525+0300 [DEBUG] [org.gradle.cache.internal.DefaultFileLockManager] Releasing lock on artifact cache (C:\Users\RED\Desktop\LGS2\caches\modules-2).
2025-09-26T23:54:39.526+0300 [DEBUG] [org.gradle.cache.internal.DefaultCacheCleanupExecutor] artifact cache (C:\Users\RED\Desktop\LGS2\caches\modules-2) has last been fully cleaned up 23 hours ago
2025-09-26T23:54:39.526+0300 [DEBUG] [org.gradle.cache.internal.DefaultCacheCleanupExecutor] Skipping cleanup for artifact cache (C:\Users\RED\Desktop\LGS2\caches\modules-2) as it is not yet due
2025-09-26T23:54:39.526+0300 [DEBUG] [org.gradle.internal.watch.registry.impl.DefaultFileWatcherRegistry] Finished listening to file system change events
2025-09-26T23:54:39.526+0300 [DEBUG] [org.gradle.cache.internal.DefaultCacheCleanupExecutor] groovy-dsl (C:\Users\RED\Desktop\LGS2\caches\8.11.1\groovy-dsl) has last been fully cleaned up 23 hours ago
2025-09-26T23:54:39.526+0300 [DEBUG] [org.gradle.cache.internal.DefaultCacheCleanupExecutor] Skipping cleanup for groovy-dsl (C:\Users\RED\Desktop\LGS2\caches\8.11.1\groovy-dsl) as it is not yet due
2025-09-26T23:54:39.526+0300 [DEBUG] [org.gradle.cache.internal.DefaultCacheCoordinator] Cache groovy-dsl (C:\Users\RED\Desktop\LGS2\caches\8.11.1\groovy-dsl) was closed 0 times.
2025-09-26T23:54:39.527+0300 [DEBUG] [org.gradle.cache.internal.DefaultCacheCleanupExecutor] Artifact transforms cache (C:\Users\RED\Desktop\LGS2\caches\8.11.1\transforms) has last been fully cleaned up 23 hours ago
2025-09-26T23:54:39.527+0300 [DEBUG] [org.gradle.cache.internal.DefaultCacheCleanupExecutor] Skipping cleanup for Artifact transforms cache (C:\Users\RED\Desktop\LGS2\caches\8.11.1\transforms) as it is not yet due
2025-09-26T23:54:39.527+0300 [DEBUG] [org.gradle.cache.internal.DefaultCacheCoordinator] Cache Artifact transforms cache (C:\Users\RED\Desktop\LGS2\caches\8.11.1\transforms) was closed 0 times.
2025-09-26T23:54:39.527+0300 [DEBUG] [org.gradle.cache.internal.LockOnDemandCrossProcessCacheAccess] Releasing file lock for journal cache (C:\Users\RED\Desktop\LGS2\caches\journal-1)
2025-09-26T23:54:39.527+0300 [DEBUG] [org.gradle.cache.internal.btree.BTreePersistentIndexedCache] Closing cache file-access.bin (C:\Users\RED\Desktop\LGS2\caches\journal-1\file-access.bin)
2025-09-26T23:54:39.528+0300 [DEBUG] [org.gradle.cache.internal.DefaultFileLockManager] Releasing lock on journal cache (C:\Users\RED\Desktop\LGS2\caches\journal-1).
2025-09-26T23:54:39.529+0300 [DEBUG] [org.gradle.cache.internal.LockOnDemandCrossProcessCacheAccess] Releasing file lock for file hash cache (C:\Users\RED\Desktop\LGS2\caches\8.11.1\fileHashes)
2025-09-26T23:54:39.529+0300 [DEBUG] [org.gradle.cache.internal.btree.BTreePersistentIndexedCache] Closing cache fileHashes.bin (C:\Users\RED\Desktop\LGS2\caches\8.11.1\fileHashes\fileHashes.bin)
2025-09-26T23:54:39.529+0300 [DEBUG] [org.gradle.cache.internal.btree.BTreePersistentIndexedCache] Closing cache resourceHashesCache.bin (C:\Users\RED\Desktop\LGS2\caches\8.11.1\fileHashes\resourceHashesCache.bin)
2025-09-26T23:54:39.529+0300 [DEBUG] [org.gradle.cache.internal.DefaultFileLockManager] Releasing lock on file hash cache (C:\Users\RED\Desktop\LGS2\caches\8.11.1\fileHashes).
2025-09-26T23:54:39.530+0300 [DEBUG] [org.gradle.internal.operations.DefaultBuildOperationRunner] Build operation 'Deleting unused version-specific caches in C:\Users\RED\Desktop\LGS2\caches' started
2025-09-26T23:54:39.531+0300 [DEBUG] [org.gradle.internal.operations.DefaultBuildOperationRunner] Completing Build operation 'Deleting unused version-specific caches in C:\Users\RED\Desktop\LGS2\caches'
2025-09-26T23:54:39.531+0300 [DEBUG] [org.gradle.internal.operations.DefaultBuildOperationRunner] Build operation 'Deleting unused version-specific caches in C:\Users\RED\Desktop\LGS2\caches' completed
2025-09-26T23:54:39.531+0300 [DEBUG] [org.gradle.launcher.daemon.server.Daemon] stop() called on daemon
2025-09-26T23:54:39.531+0300 [INFO] [org.gradle.launcher.daemon.server.Daemon] Stop requested. Daemon is removing its presence from the registry...
2025-09-26T23:54:39.531+0300 [DEBUG] [org.gradle.launcher.daemon.server.DaemonRegistryUpdater] Removing our presence to clients, eg. removing this address from the registry: [60156d40-7505-4a17-bfbd-3781bb3968fe port:58564, addresses:[localhost/127.0.0.1]]
2025-09-26T23:54:39.531+0300 [DEBUG] [org.gradle.launcher.daemon.registry.PersistentDaemonRegistry] Removing daemon address: [60156d40-7505-4a17-bfbd-3781bb3968fe port:58564, addresses:[localhost/127.0.0.1]]
2025-09-26T23:54:39.532+0300 [DEBUG] [org.gradle.cache.internal.DefaultFileLockManager] Waiting to acquire exclusive lock on daemon addresses registry.
2025-09-26T23:54:39.532+0300 [DEBUG] [org.gradle.cache.internal.DefaultFileLockManager] Lock acquired on daemon addresses registry.
2025-09-26T23:54:39.533+0300 [DEBUG] [org.gradle.cache.internal.DefaultFileLockManager] Releasing lock on daemon addresses registry.
2025-09-26T23:54:39.533+0300 [DEBUG] [org.gradle.launcher.daemon.server.DaemonRegistryUpdater] Address removed from registry.
2025-09-26T23:54:39.535+0300 [DEBUG] [org.gradle.cache.internal.locklistener.DefaultFileLockContentionHandler] File lock listener thread completed.
2025-09-26T23:54:39.536+0300 [DEBUG] [java.lang.Runtime] Runtime.exit() called with status: 0
java.lang.Throwable: Runtime.exit(0)
	at java.base/java.lang.Shutdown.logRuntimeExit(Unknown Source)
	at java.base/java.lang.Shutdown.exit(Unknown Source)
	at java.base/java.lang.Runtime.exit(Unknown Source)
	at java.base/java.lang.System.exit(Unknown Source)
	at org.gradle.launcher.bootstrap.ProcessCompleter.complete(ProcessCompleter.java:21)
	at org.gradle.launcher.bootstrap.EntryPoint.run(EntryPoint.java:61)
	at java.base/jdk.internal.reflect.DirectMethodHandleAccessor.invoke(Unknown Source)
	at java.base/java.lang.reflect.Method.invoke(Unknown Source)
	at org.gradle.launcher.bootstrap.ProcessBootstrap.runNoExit(ProcessBootstrap.java:72)
	at org.gradle.launcher.bootstrap.ProcessBootstrap.run(ProcessBootstrap.java:39)
	at org.gradle.launcher.daemon.bootstrap.GradleDaemon.main(GradleDaemon.java:22)
Daemon vm is shutting down... The daemon has exited normally or was terminated in response to a user interrupt.
2025-09-26T23:54:39.540+0300 [DEBUG] [org.gradle.launcher.daemon.registry.PersistentDaemonRegistry] Removing daemon address: [60156d40-7505-4a17-bfbd-3781bb3968fe port:58564, addresses:[localhost/127.0.0.1]]
2025-09-26T23:54:39.541+0300 [DEBUG] [org.gradle.launcher.daemon.server.Daemon] VM shutdown hook was unable to remove the daemon address from the registry. It will be cleaned up later.
java.lang.IllegalStateException: Cannot start managing file contention because this handler has been closed.
	at org.gradle.cache.internal.locklistener.DefaultFileLockContentionHandler.assertNotStopped(DefaultFileLockContentionHandler.java:217)
	at org.gradle.cache.internal.locklistener.DefaultFileLockContentionHandler.getCommunicator(DefaultFileLockContentionHandler.java:260)
	at org.gradle.cache.internal.locklistener.DefaultFileLockContentionHandler.reservePort(DefaultFileLockContentionHandler.java:254)
	at org.gradle.cache.internal.DefaultFileLockManager.lock(DefaultFileLockManager.java:124)
	at org.gradle.cache.internal.DefaultFileLockManager.lock(DefaultFileLockManager.java:106)
	at org.gradle.cache.internal.DefaultFileLockManager.lock(DefaultFileLockManager.java:101)
	at org.gradle.cache.internal.OnDemandFileAccess.updateFile(OnDemandFileAccess.java:51)
	at org.gradle.cache.internal.FileBackedObjectHolder.update(FileBackedObjectHolder.java:77)
	at org.gradle.cache.internal.FileIntegrityViolationSuppressingObjectHolderDecorator.lambda$update$0(FileIntegrityViolationSuppressingObjectHolderDecorator.java:48)
	at org.gradle.cache.internal.FileIntegrityViolationSuppressingObjectHolderDecorator.doUpdate(FileIntegrityViolationSuppressingObjectHolderDecorator.java:58)
	at org.gradle.cache.internal.FileIntegrityViolationSuppressingObjectHolderDecorator.update(FileIntegrityViolationSuppressingObjectHolderDecorator.java:48)
	at org.gradle.launcher.daemon.registry.PersistentDaemonRegistry.remove(PersistentDaemonRegistry.java:133)
	at org.gradle.launcher.daemon.server.Daemon$1.run(Daemon.java:133)
	at java.base/java.lang.Thread.run(Unknown Source)
